Build started 12/18/2023 3:04:57 PM.
     1>Project "C:\Pvpers Kal\Core\Core\Core.vcxproj" on node 2 (Build target(s)).
     1>C:\Program Files (x86)\MSBuild\Microsoft.Cpp\v4.0\Microsoft.CppBuild.targets(299,5): warning MSB8004: Output Directory does not end with a trailing slash.  This build instance will add the slash as it is required to allow proper evaluation of the Output Directory.
     1>ClCompile:
         c:\Program Files (x86)\Microsoft Visual Studio 10.0\VC\bin\CL.exe /c /Zi /nologo /W3 /WX- /O2 /Oi /Oy- /GL /D WIN32 /D NDEBUG /D _WINDOWS /D _USRDLL /D CORE_EXPORTS /D CURL_STATICLIB /D SQLITE_THREADSAFE=1 /D _WINDLL /Gm /EHsc /MD /GS /Gy /fp:precise /Zc:wchar_t /Zc:forScope /Fo"Release\\" /Fd"Release\vc100.pdb" /Gd /TP /analyze- /errorReport:prompt Core.cpp
         Core.cpp
       Link:
         c:\Program Files (x86)\Microsoft Visual Studio 10.0\VC\bin\link.exe /ERRORREPORT:PROMPT /OUT:"..\Release\Core.dll" /INCREMENTAL:NO /NOLOGO kernel32.lib user32.lib gdi32.lib winspool.lib comdlg32.lib advapi32.lib shell32.lib ole32.lib oleaut32.lib uuid.lib odbc32.lib odbccp32.lib kernel32.lib user32.lib gdi32.lib winspool.lib comdlg32.lib advapi32.lib shell32.lib ole32.lib oleaut32.lib uuid.lib odbc32.lib odbccp32.lib /DEF:"Exports.def" /MANIFEST /ManifestFile:"Release\Core.dll.intermediate.manifest" /MANIFESTUAC:"level='asInvoker' uiAccess='false'" /DEBUG /PDB:"C:\Pvpers Kal\Core\Release\Core.pdb" /MAP:"..\Release\Core.map" /MAPINFO:EXPORTS /SUBSYSTEM:WINDOWS /OPT:REF /OPT:ICF /LTCG /TLBID:1 /DYNAMICBASE /NXCOMPAT /IMPLIB:"..\Release\Core.lib" /MACHINE:X86 /DLL Release\base64.obj
         Release\Core.obj
         Release\IBuff.obj
         Release\IChar.obj
         Release\IItem.obj
         Release\Interface.obj
         Release\IQuest.obj
         Release\ISkill.obj
         Release\Memory.obj
         Release\sha256.obj
         Release\shell.obj
         Release\sqlite3.obj
         Release\Tools.obj
            Creating library ..\Release\Core.lib and object ..\Release\Core.exp
         Generating code
         Finished generating code
         Core.vcxproj -> C:\Pvpers Kal\Core\Core\..\Release\Core.dll
       Manifest:
         c:\Program Files (x86)\Microsoft SDKs\Windows\v7.0A\bin\mt.exe /nologo /verbose /outputresource:"..\Release\Core.dll;#2" /manifest Release\Core.dll.intermediate.manifest
     1>Done Building Project "C:\Pvpers Kal\Core\Core\Core.vcxproj" (Build target(s)).

Build succeeded.

Time Elapsed 00:04:39.41
